Build output check failed:
    Regex: 'command line option .* is valid for .* but not for C\+\+'
    Output line: 'cc1plus: warning: command line option ‘-Wmissing-prototypes’ is valid for C/ObjC but not for C++'
Compilation failed:
    source file: '/home/borg/404/scripts_robotica/OpenCV/build/CMakeFiles/CMakeTmp/src.cxx'
    check option: ' -fsigned-char -W -Wall -Werror=return-type -Werror=non-virtual-dtor -Werror=address -Werror=sequence-point -Wformat -Werror=format-security -Wmissing-declarations  -Wmissing-prototypes'
===== BUILD LOG =====
Change Dir: /home/borg/404/scripts_robotica/OpenCV/build/CMakeFiles/CMakeTmp

Run Build Command:"/usr/bin/make" "cmTC_fb679/fast"
/usr/bin/make -f CMakeFiles/cmTC_fb679.dir/build.make CMakeFiles/cmTC_fb679.dir/build
make[1]: Entering directory '/home/borg/404/scripts_robotica/OpenCV/build/CMakeFiles/CMakeTmp'
Building CXX object CMakeFiles/cmTC_fb679.dir/src.cxx.o
/usr/bin/c++    -O3 -DNDEBUG -fPIE   -fsigned-char -W -Wall -Werror=return-type -Werror=non-virtual-dtor -Werror=address -Werror=sequence-point -Wformat -Werror=format-security -Wmissing-declarations -Wmissing-prototypes -std=c++11 -o CMakeFiles/cmTC_fb679.dir/src.cxx.o -c /home/borg/404/scripts_robotica/OpenCV/build/CMakeFiles/CMakeTmp/src.cxx
cc1plus: warning: command line option ‘-Wmissing-prototypes’ is valid for C/ObjC but not for C++
/home/borg/404/scripts_robotica/OpenCV/build/CMakeFiles/CMakeTmp/src.cxx:1:0: warning: ignoring #pragma   [-Wunknown-pragmas]
 #pragma
 
Linking CXX executable cmTC_fb679
/usr/bin/cmake -E cmake_link_script CMakeFiles/cmTC_fb679.dir/link.txt --verbose=1
/usr/bin/c++    -O3 -DNDEBUG    CMakeFiles/cmTC_fb679.dir/src.cxx.o  -o cmTC_fb679 
make[1]: Leaving directory '/home/borg/404/scripts_robotica/OpenCV/build/CMakeFiles/CMakeTmp'

===== END =====

Build output check failed:
    Regex: 'command line option .* is valid for .* but not for C\+\+'
    Output line: 'cc1plus: warning: command line option ‘-Wstrict-prototypes’ is valid for C/ObjC but not for C++'
Compilation failed:
    source file: '/home/borg/404/scripts_robotica/OpenCV/build/CMakeFiles/CMakeTmp/src.cxx'
    check option: ' -fsigned-char -W -Wall -Werror=return-type -Werror=non-virtual-dtor -Werror=address -Werror=sequence-point -Wformat -Werror=format-security -Wmissing-declarations  -Wstrict-prototypes'
===== BUILD LOG =====
Change Dir: /home/borg/404/scripts_robotica/OpenCV/build/CMakeFiles/CMakeTmp

Run Build Command:"/usr/bin/make" "cmTC_a67d8/fast"
/usr/bin/make -f CMakeFiles/cmTC_a67d8.dir/build.make CMakeFiles/cmTC_a67d8.dir/build
make[1]: Entering directory '/home/borg/404/scripts_robotica/OpenCV/build/CMakeFiles/CMakeTmp'
Building CXX object CMakeFiles/cmTC_a67d8.dir/src.cxx.o
/usr/bin/c++    -O3 -DNDEBUG -fPIE   -fsigned-char -W -Wall -Werror=return-type -Werror=non-virtual-dtor -Werror=address -Werror=sequence-point -Wformat -Werror=format-security -Wmissing-declarations -Wstrict-prototypes -std=c++11 -o CMakeFiles/cmTC_a67d8.dir/src.cxx.o -c /home/borg/404/scripts_robotica/OpenCV/build/CMakeFiles/CMakeTmp/src.cxx
cc1plus: warning: command line option ‘-Wstrict-prototypes’ is valid for C/ObjC but not for C++
/home/borg/404/scripts_robotica/OpenCV/build/CMakeFiles/CMakeTmp/src.cxx:1:0: warning: ignoring #pragma   [-Wunknown-pragmas]
 #pragma
 
Linking CXX executable cmTC_a67d8
/usr/bin/cmake -E cmake_link_script CMakeFiles/cmTC_a67d8.dir/link.txt --verbose=1
/usr/bin/c++    -O3 -DNDEBUG    CMakeFiles/cmTC_a67d8.dir/src.cxx.o  -o cmTC_a67d8 
make[1]: Leaving directory '/home/borg/404/scripts_robotica/OpenCV/build/CMakeFiles/CMakeTmp'

===== END =====

Build output check failed:
    Regex: 'command line option .* is valid for .* but not for C'
    Output line: 'cc1: warning: command line option ‘-Wsign-promo’ is valid for C++/ObjC++ but not for C'
Compilation failed:
    source file: '/home/borg/404/scripts_robotica/OpenCV/build/CMakeFiles/CMakeTmp/src.c'
    check option: ' -fsigned-char -W -Wall -Werror=return-type -Werror=non-virtual-dtor -Werror=address -Werror=sequence-point -Wformat -Werror=format-security -Wmissing-declarations -Wmissing-prototypes -Wstrict-prototypes -Wundef -Winit-self -Wpointer-arith -Wshadow  -Wsign-promo'
===== BUILD LOG =====
Change Dir: /home/borg/404/scripts_robotica/OpenCV/build/CMakeFiles/CMakeTmp

Run Build Command:"/usr/bin/make" "cmTC_f75bf/fast"
/usr/bin/make -f CMakeFiles/cmTC_f75bf.dir/build.make CMakeFiles/cmTC_f75bf.dir/build
make[1]: Entering directory '/home/borg/404/scripts_robotica/OpenCV/build/CMakeFiles/CMakeTmp'
Building C object CMakeFiles/cmTC_f75bf.dir/src.c.o
/usr/bin/cc   -O3 -DNDEBUG -fPIE   -fsigned-char -W -Wall -Werror=return-type -Werror=non-virtual-dtor -Werror=address -Werror=sequence-point -Wformat -Werror=format-security -Wmissing-declarations -Wmissing-prototypes -Wstrict-prototypes -Wundef -Winit-self -Wpointer-arith -Wshadow -Wsign-promo -o CMakeFiles/cmTC_f75bf.dir/src.c.o   -c /home/borg/404/scripts_robotica/OpenCV/build/CMakeFiles/CMakeTmp/src.c
cc1: warning: command line option ‘-Wsign-promo’ is valid for C++/ObjC++ but not for C
/home/borg/404/scripts_robotica/OpenCV/build/CMakeFiles/CMakeTmp/src.c:1:0: warning: ignoring #pragma   [-Wunknown-pragmas]
 #pragma
 
Linking C executable cmTC_f75bf
/usr/bin/cmake -E cmake_link_script CMakeFiles/cmTC_f75bf.dir/link.txt --verbose=1
/usr/bin/cc   -O3 -DNDEBUG    CMakeFiles/cmTC_f75bf.dir/src.c.o  -o cmTC_f75bf 
make[1]: Leaving directory '/home/borg/404/scripts_robotica/OpenCV/build/CMakeFiles/CMakeTmp'

===== END =====

Build output check failed:
    Regex: 'command line option .* is valid for .* but not for C'
    Output line: 'cc1: warning: command line option ‘-Wsuggest-override’ is valid for C++/ObjC++ but not for C'
Compilation failed:
    source file: '/home/borg/404/scripts_robotica/OpenCV/build/CMakeFiles/CMakeTmp/src.c'
    check option: ' -fsigned-char -W -Wall -Werror=return-type -Werror=non-virtual-dtor -Werror=address -Werror=sequence-point -Wformat -Werror=format-security -Wmissing-declarations -Wmissing-prototypes -Wstrict-prototypes -Wundef -Winit-self -Wpointer-arith -Wshadow -Wuninitialized -Winit-self  -Wsuggest-override'
===== BUILD LOG =====
Change Dir: /home/borg/404/scripts_robotica/OpenCV/build/CMakeFiles/CMakeTmp

Run Build Command:"/usr/bin/make" "cmTC_576e6/fast"
/usr/bin/make -f CMakeFiles/cmTC_576e6.dir/build.make CMakeFiles/cmTC_576e6.dir/build
make[1]: Entering directory '/home/borg/404/scripts_robotica/OpenCV/build/CMakeFiles/CMakeTmp'
Building C object CMakeFiles/cmTC_576e6.dir/src.c.o
/usr/bin/cc   -O3 -DNDEBUG -fPIE   -fsigned-char -W -Wall -Werror=return-type -Werror=non-virtual-dtor -Werror=address -Werror=sequence-point -Wformat -Werror=format-security -Wmissing-declarations -Wmissing-prototypes -Wstrict-prototypes -Wundef -Winit-self -Wpointer-arith -Wshadow -Wuninitialized -Winit-self -Wsuggest-override -o CMakeFiles/cmTC_576e6.dir/src.c.o   -c /home/borg/404/scripts_robotica/OpenCV/build/CMakeFiles/CMakeTmp/src.c
cc1: warning: command line option ‘-Wsuggest-override’ is valid for C++/ObjC++ but not for C
/home/borg/404/scripts_robotica/OpenCV/build/CMakeFiles/CMakeTmp/src.c:1:0: warning: ignoring #pragma   [-Wunknown-pragmas]
 #pragma
 
Linking C executable cmTC_576e6
/usr/bin/cmake -E cmake_link_script CMakeFiles/cmTC_576e6.dir/link.txt --verbose=1
/usr/bin/cc   -O3 -DNDEBUG    CMakeFiles/cmTC_576e6.dir/src.c.o  -o cmTC_576e6 
make[1]: Leaving directory '/home/borg/404/scripts_robotica/OpenCV/build/CMakeFiles/CMakeTmp'

===== END =====

Build output check failed:
    Regex: 'command line option .* is valid for .* but not for C'
    Output line: 'cc1: warning: command line option ‘-Wno-delete-non-virtual-dtor’ is valid for C++/ObjC++ but not for C'
Compilation failed:
    source file: '/home/borg/404/scripts_robotica/OpenCV/build/CMakeFiles/CMakeTmp/src.c'
    check option: ' -fsigned-char -W -Wall -Werror=return-type -Werror=non-virtual-dtor -Werror=address -Werror=sequence-point -Wformat -Werror=format-security -Wmissing-declarations -Wmissing-prototypes -Wstrict-prototypes -Wundef -Winit-self -Wpointer-arith -Wshadow -Wuninitialized -Winit-self  -Wno-delete-non-virtual-dtor'
===== BUILD LOG =====
Change Dir: /home/borg/404/scripts_robotica/OpenCV/build/CMakeFiles/CMakeTmp

Run Build Command:"/usr/bin/make" "cmTC_86ede/fast"
/usr/bin/make -f CMakeFiles/cmTC_86ede.dir/build.make CMakeFiles/cmTC_86ede.dir/build
make[1]: Entering directory '/home/borg/404/scripts_robotica/OpenCV/build/CMakeFiles/CMakeTmp'
Building C object CMakeFiles/cmTC_86ede.dir/src.c.o
/usr/bin/cc   -O3 -DNDEBUG -fPIE   -fsigned-char -W -Wall -Werror=return-type -Werror=non-virtual-dtor -Werror=address -Werror=sequence-point -Wformat -Werror=format-security -Wmissing-declarations -Wmissing-prototypes -Wstrict-prototypes -Wundef -Winit-self -Wpointer-arith -Wshadow -Wuninitialized -Winit-self -Wno-delete-non-virtual-dtor -o CMakeFiles/cmTC_86ede.dir/src.c.o   -c /home/borg/404/scripts_robotica/OpenCV/build/CMakeFiles/CMakeTmp/src.c
cc1: warning: command line option ‘-Wno-delete-non-virtual-dtor’ is valid for C++/ObjC++ but not for C
/home/borg/404/scripts_robotica/OpenCV/build/CMakeFiles/CMakeTmp/src.c:1:0: warning: ignoring #pragma   [-Wunknown-pragmas]
 #pragma
 
Linking C executable cmTC_86ede
/usr/bin/cmake -E cmake_link_script CMakeFiles/cmTC_86ede.dir/link.txt --verbose=1
/usr/bin/cc   -O3 -DNDEBUG    CMakeFiles/cmTC_86ede.dir/src.c.o  -o cmTC_86ede 
make[1]: Leaving directory '/home/borg/404/scripts_robotica/OpenCV/build/CMakeFiles/CMakeTmp'

===== END =====

Build output check failed:
    Regex: 'unrecognized .*option'
    Output line: 'cc1plus: warning: unrecognized command line option ‘-Wno-unnamed-type-template-args’'
Compilation failed:
    source file: '/home/borg/404/scripts_robotica/OpenCV/build/CMakeFiles/CMakeTmp/src.cxx'
    check option: ' -fsigned-char -W -Wall -Werror=return-type -Werror=non-virtual-dtor -Werror=address -Werror=sequence-point -Wformat -Werror=format-security -Wmissing-declarations -Wundef -Winit-self -Wpointer-arith -Wshadow -Wsign-promo -Wuninitialized -Winit-self -Wsuggest-override -Wno-delete-non-virtual-dtor  -Wno-unnamed-type-template-args'
===== BUILD LOG =====
Change Dir: /home/borg/404/scripts_robotica/OpenCV/build/CMakeFiles/CMakeTmp

Run Build Command:"/usr/bin/make" "cmTC_98ed0/fast"
/usr/bin/make -f CMakeFiles/cmTC_98ed0.dir/build.make CMakeFiles/cmTC_98ed0.dir/build
make[1]: Entering directory '/home/borg/404/scripts_robotica/OpenCV/build/CMakeFiles/CMakeTmp'
Building CXX object CMakeFiles/cmTC_98ed0.dir/src.cxx.o
/usr/bin/c++    -O3 -DNDEBUG -fPIE   -fsigned-char -W -Wall -Werror=return-type -Werror=non-virtual-dtor -Werror=address -Werror=sequence-point -Wformat -Werror=format-security -Wmissing-declarations -Wundef -Winit-self -Wpointer-arith -Wshadow -Wsign-promo -Wuninitialized -Winit-self -Wsuggest-override -Wno-delete-non-virtual-dtor -Wno-unnamed-type-template-args -std=c++11 -o CMakeFiles/cmTC_98ed0.dir/src.cxx.o -c /home/borg/404/scripts_robotica/OpenCV/build/CMakeFiles/CMakeTmp/src.cxx
/home/borg/404/scripts_robotica/OpenCV/build/CMakeFiles/CMakeTmp/src.cxx:1:0: warning: ignoring #pragma   [-Wunknown-pragmas]
 #pragma
 
cc1plus: warning: unrecognized command line option ‘-Wno-unnamed-type-template-args’
Linking CXX executable cmTC_98ed0
/usr/bin/cmake -E cmake_link_script CMakeFiles/cmTC_98ed0.dir/link.txt --verbose=1
/usr/bin/c++    -O3 -DNDEBUG    CMakeFiles/cmTC_98ed0.dir/src.cxx.o  -o cmTC_98ed0 
make[1]: Leaving directory '/home/borg/404/scripts_robotica/OpenCV/build/CMakeFiles/CMakeTmp'

===== END =====

Build output check failed:
    Regex: 'unrecognized .*option'
    Output line: 'cc1: warning: unrecognized command line option ‘-Wno-unnamed-type-template-args’'
Compilation failed:
    source file: '/home/borg/404/scripts_robotica/OpenCV/build/CMakeFiles/CMakeTmp/src.c'
    check option: ' -fsigned-char -W -Wall -Werror=return-type -Werror=non-virtual-dtor -Werror=address -Werror=sequence-point -Wformat -Werror=format-security -Wmissing-declarations -Wmissing-prototypes -Wstrict-prototypes -Wundef -Winit-self -Wpointer-arith -Wshadow -Wuninitialized -Winit-self  -Wno-unnamed-type-template-args'
===== BUILD LOG =====
Change Dir: /home/borg/404/scripts_robotica/OpenCV/build/CMakeFiles/CMakeTmp

Run Build Command:"/usr/bin/make" "cmTC_710c4/fast"
/usr/bin/make -f CMakeFiles/cmTC_710c4.dir/build.make CMakeFiles/cmTC_710c4.dir/build
make[1]: Entering directory '/home/borg/404/scripts_robotica/OpenCV/build/CMakeFiles/CMakeTmp'
Building C object CMakeFiles/cmTC_710c4.dir/src.c.o
/usr/bin/cc   -O3 -DNDEBUG -fPIE   -fsigned-char -W -Wall -Werror=return-type -Werror=non-virtual-dtor -Werror=address -Werror=sequence-point -Wformat -Werror=format-security -Wmissing-declarations -Wmissing-prototypes -Wstrict-prototypes -Wundef -Winit-self -Wpointer-arith -Wshadow -Wuninitialized -Winit-self -Wno-unnamed-type-template-args -o CMakeFiles/cmTC_710c4.dir/src.c.o   -c /home/borg/404/scripts_robotica/OpenCV/build/CMakeFiles/CMakeTmp/src.c
/home/borg/404/scripts_robotica/OpenCV/build/CMakeFiles/CMakeTmp/src.c:1:0: warning: ignoring #pragma   [-Wunknown-pragmas]
 #pragma
 
cc1: warning: unrecognized command line option ‘-Wno-unnamed-type-template-args’
Linking C executable cmTC_710c4
/usr/bin/cmake -E cmake_link_script CMakeFiles/cmTC_710c4.dir/link.txt --verbose=1
/usr/bin/cc   -O3 -DNDEBUG    CMakeFiles/cmTC_710c4.dir/src.c.o  -o cmTC_710c4 
make[1]: Leaving directory '/home/borg/404/scripts_robotica/OpenCV/build/CMakeFiles/CMakeTmp'

===== END =====

Build output check failed:
    Regex: 'command line option .* is valid for .* but not for C'
    Output line: 'cc1: warning: command line option ‘-fvisibility-inlines-hidden’ is valid for C++/ObjC++ but not for C'
Compilation failed:
    source file: '/home/borg/404/scripts_robotica/OpenCV/build/CMakeFiles/CMakeTmp/src.c'
    check option: ' -fsigned-char -W -Wall -Werror=return-type -Werror=non-virtual-dtor -Werror=address -Werror=sequence-point -Wformat -Werror=format-security -Wmissing-declarations -Wmissing-prototypes -Wstrict-prototypes -Wundef -Winit-self -Wpointer-arith -Wshadow -Wuninitialized -Winit-self -Wno-comment -Wimplicit-fallthrough=3 -Wno-strict-overflow -fdiagnostics-show-option -Wno-long-long -pthread -fomit-frame-pointer -ffunction-sections -fdata-sections  -msse -msse2 -msse3 -fvisibility=hidden  -fvisibility-inlines-hidden'
===== BUILD LOG =====
Change Dir: /home/borg/404/scripts_robotica/OpenCV/build/CMakeFiles/CMakeTmp

Run Build Command:"/usr/bin/make" "cmTC_e56a2/fast"
/usr/bin/make -f CMakeFiles/cmTC_e56a2.dir/build.make CMakeFiles/cmTC_e56a2.dir/build
make[1]: Entering directory '/home/borg/404/scripts_robotica/OpenCV/build/CMakeFiles/CMakeTmp'
Building C object CMakeFiles/cmTC_e56a2.dir/src.c.o
/usr/bin/cc   -O3 -DNDEBUG -fPIE   -fsigned-char -W -Wall -Werror=return-type -Werror=non-virtual-dtor -Werror=address -Werror=sequence-point -Wformat -Werror=format-security -Wmissing-declarations -Wmissing-prototypes -Wstrict-prototypes -Wundef -Winit-self -Wpointer-arith -Wshadow -Wuninitialized -Winit-self -Wno-comment -Wimplicit-fallthrough=3 -Wno-strict-overflow -fdiagnostics-show-option -Wno-long-long -pthread -fomit-frame-pointer -ffunction-sections -fdata-sections -msse -msse2 -msse3 -fvisibility=hidden -fvisibility-inlines-hidden -o CMakeFiles/cmTC_e56a2.dir/src.c.o   -c /home/borg/404/scripts_robotica/OpenCV/build/CMakeFiles/CMakeTmp/src.c
cc1: warning: command line option ‘-fvisibility-inlines-hidden’ is valid for C++/ObjC++ but not for C
/home/borg/404/scripts_robotica/OpenCV/build/CMakeFiles/CMakeTmp/src.c:1:0: warning: ignoring #pragma   [-Wunknown-pragmas]
 #pragma
 
Linking C executable cmTC_e56a2
/usr/bin/cmake -E cmake_link_script CMakeFiles/cmTC_e56a2.dir/link.txt --verbose=1
/usr/bin/cc   -O3 -DNDEBUG    CMakeFiles/cmTC_e56a2.dir/src.c.o  -o cmTC_e56a2 
make[1]: Leaving directory '/home/borg/404/scripts_robotica/OpenCV/build/CMakeFiles/CMakeTmp'

===== END =====

Build output check failed:
    Regex: 'unrecognized .*option'
    Output line: 'cc1: warning: unrecognized command line option ‘-Wno-absolute-value’'
Compilation failed:
    source file: '/home/borg/404/scripts_robotica/OpenCV/build/CMakeFiles/CMakeTmp/src.c'
    check option: ' -Wno-absolute-value'
===== BUILD LOG =====
Change Dir: /home/borg/404/scripts_robotica/OpenCV/build/CMakeFiles/CMakeTmp

Run Build Command:"/usr/bin/make" "cmTC_7bc9c/fast"
/usr/bin/make -f CMakeFiles/cmTC_7bc9c.dir/build.make CMakeFiles/cmTC_7bc9c.dir/build
make[1]: Entering directory '/home/borg/404/scripts_robotica/OpenCV/build/CMakeFiles/CMakeTmp'
Building C object CMakeFiles/cmTC_7bc9c.dir/src.c.o
/usr/bin/cc   -fsigned-char -W -Wall -Werror=return-type -Werror=non-virtual-dtor -Werror=address -Werror=sequence-point -Wformat -Werror=format-security -Wstrict-prototypes -Wundef -Winit-self -Wpointer-arith -Wuninitialized -Winit-self -Wno-comment -Wimplicit-fallthrough=3 -Wno-strict-overflow -fdiagnostics-show-option -Wno-long-long -pthread -fomit-frame-pointer -ffunction-sections -fdata-sections  -msse -msse2 -msse3 -fvisibility=hidden -Wno-implicit-function-declaration -Wno-uninitialized -Wno-missing-prototypes -Wno-unused-but-set-parameter -Wno-missing-declarations -Wno-unused -Wno-shadow -Wno-sign-compare -Wno-strict-overflow -Wno-pointer-compare  -O3 -DNDEBUG -fPIE   -Wno-absolute-value -o CMakeFiles/cmTC_7bc9c.dir/src.c.o   -c /home/borg/404/scripts_robotica/OpenCV/build/CMakeFiles/CMakeTmp/src.c
/home/borg/404/scripts_robotica/OpenCV/build/CMakeFiles/CMakeTmp/src.c:1:0: warning: ignoring #pragma   [-Wunknown-pragmas]
 #pragma
 
cc1: warning: unrecognized command line option ‘-Wno-absolute-value’
Linking C executable cmTC_7bc9c
/usr/bin/cmake -E cmake_link_script CMakeFiles/cmTC_7bc9c.dir/link.txt --verbose=1
/usr/bin/cc    -fsigned-char -W -Wall -Werror=return-type -Werror=non-virtual-dtor -Werror=address -Werror=sequence-point -Wformat -Werror=format-security -Wstrict-prototypes -Wundef -Winit-self -Wpointer-arith -Wuninitialized -Winit-self -Wno-comment -Wimplicit-fallthrough=3 -Wno-strict-overflow -fdiagnostics-show-option -Wno-long-long -pthread -fomit-frame-pointer -ffunction-sections -fdata-sections  -msse -msse2 -msse3 -fvisibility=hidden -Wno-implicit-function-declaration -Wno-uninitialized -Wno-missing-prototypes -Wno-unused-but-set-parameter -Wno-missing-declarations -Wno-unused -Wno-shadow -Wno-sign-compare -Wno-strict-overflow -Wno-pointer-compare  -O3 -DNDEBUG    -Wl,--gc-sections  CMakeFiles/cmTC_7bc9c.dir/src.c.o  -o cmTC_7bc9c 
make[1]: Leaving directory '/home/borg/404/scripts_robotica/OpenCV/build/CMakeFiles/CMakeTmp'

===== END =====

Build output check failed:
    Regex: 'unrecognized .*option'
    Output line: 'cc1plus: warning: unrecognized command line option ‘-Wno-inconsistent-missing-override’'
Compilation failed:
    source file: '/home/borg/404/scripts_robotica/OpenCV/build/CMakeFiles/CMakeTmp/src.cxx'
    check option: ' -Wno-inconsistent-missing-override'
===== BUILD LOG =====
Change Dir: /home/borg/404/scripts_robotica/OpenCV/build/CMakeFiles/CMakeTmp

Run Build Command:"/usr/bin/make" "cmTC_96107/fast"
/usr/bin/make -f CMakeFiles/cmTC_96107.dir/build.make CMakeFiles/cmTC_96107.dir/build
make[1]: Entering directory '/home/borg/404/scripts_robotica/OpenCV/build/CMakeFiles/CMakeTmp'
Building CXX object CMakeFiles/cmTC_96107.dir/src.cxx.o
/usr/bin/c++    -fsigned-char -W -Wall -Werror=return-type -Werror=non-virtual-dtor -Werror=address -Werror=sequence-point -Wformat -Werror=format-security -Winit-self -Wpointer-arith -Wsign-promo -Winit-self -Wno-delete-non-virtual-dtor -Wno-comment -Wimplicit-fallthrough=3 -Wno-strict-overflow -fdiagnostics-show-option -Wno-long-long -pthread -fomit-frame-pointer -ffunction-sections -fdata-sections  -msse -msse2 -msse3 -fvisibility=hidden -fvisibility-inlines-hidden -Wno-shadow -Wno-unused -Wno-sign-compare -Wno-undef -Wno-missing-declarations -Wno-uninitialized -Wno-switch -Wno-parentheses -Wno-array-bounds -Wno-extra -Wno-deprecated-declarations -Wno-misleading-indentation -Wno-deprecated -Wno-suggest-override  -O3 -DNDEBUG -fPIE   -Wno-inconsistent-missing-override -std=c++11 -o CMakeFiles/cmTC_96107.dir/src.cxx.o -c /home/borg/404/scripts_robotica/OpenCV/build/CMakeFiles/CMakeTmp/src.cxx
/home/borg/404/scripts_robotica/OpenCV/build/CMakeFiles/CMakeTmp/src.cxx:1:0: warning: ignoring #pragma   [-Wunknown-pragmas]
 #pragma
 
cc1plus: warning: unrecognized command line option ‘-Wno-inconsistent-missing-override’
Linking CXX executable cmTC_96107
/usr/bin/cmake -E cmake_link_script CMakeFiles/cmTC_96107.dir/link.txt --verbose=1
/usr/bin/c++     -fsigned-char -W -Wall -Werror=return-type -Werror=non-virtual-dtor -Werror=address -Werror=sequence-point -Wformat -Werror=format-security -Winit-self -Wpointer-arith -Wsign-promo -Winit-self -Wno-delete-non-virtual-dtor -Wno-comment -Wimplicit-fallthrough=3 -Wno-strict-overflow -fdiagnostics-show-option -Wno-long-long -pthread -fomit-frame-pointer -ffunction-sections -fdata-sections  -msse -msse2 -msse3 -fvisibility=hidden -fvisibility-inlines-hidden -Wno-shadow -Wno-unused -Wno-sign-compare -Wno-undef -Wno-missing-declarations -Wno-uninitialized -Wno-switch -Wno-parentheses -Wno-array-bounds -Wno-extra -Wno-deprecated-declarations -Wno-misleading-indentation -Wno-deprecated -Wno-suggest-override  -O3 -DNDEBUG    -Wl,--gc-sections  CMakeFiles/cmTC_96107.dir/src.cxx.o  -o cmTC_96107 
make[1]: Leaving directory '/home/borg/404/scripts_robotica/OpenCV/build/CMakeFiles/CMakeTmp'

===== END =====

Build output check failed:
    Regex: 'command line option .* is valid for .* but not for C\+\+'
    Output line: 'cc1plus: warning: command line option ‘-Wno-missing-prototypes’ is valid for C/ObjC but not for C++'
Compilation failed:
    source file: '/home/borg/404/scripts_robotica/OpenCV/build/CMakeFiles/CMakeTmp/src.cxx'
    check option: ' -Wno-missing-prototypes'
===== BUILD LOG =====
Change Dir: /home/borg/404/scripts_robotica/OpenCV/build/CMakeFiles/CMakeTmp

Run Build Command:"/usr/bin/make" "cmTC_90734/fast"
/usr/bin/make -f CMakeFiles/cmTC_90734.dir/build.make CMakeFiles/cmTC_90734.dir/build
make[1]: Entering directory '/home/borg/404/scripts_robotica/OpenCV/build/CMakeFiles/CMakeTmp'
Building CXX object CMakeFiles/cmTC_90734.dir/src.cxx.o
/usr/bin/c++    -fsigned-char -W -Wall -Werror=return-type -Werror=non-virtual-dtor -Werror=address -Werror=sequence-point -Wformat -Werror=format-security -Winit-self -Wpointer-arith -Wsign-promo -Winit-self -Wno-delete-non-virtual-dtor -Wno-comment -Wno-strict-overflow -fdiagnostics-show-option -Wno-long-long -pthread -fomit-frame-pointer -ffunction-sections -fdata-sections  -msse -msse2 -msse3 -fvisibility=hidden -fvisibility-inlines-hidden -Wno-shadow -Wno-unused -Wno-sign-compare -Wno-undef -Wno-missing-declarations -Wno-uninitialized -Wno-switch -Wno-parentheses -Wno-array-bounds -Wno-extra -Wno-deprecated-declarations -Wno-misleading-indentation -Wno-deprecated -Wno-suggest-override -Wno-implicit-fallthrough -Wno-tautological-compare  -O3 -DNDEBUG -fPIE   -Wno-missing-prototypes -std=c++11 -o CMakeFiles/cmTC_90734.dir/src.cxx.o -c /home/borg/404/scripts_robotica/OpenCV/build/CMakeFiles/CMakeTmp/src.cxx
cc1plus: warning: command line option ‘-Wno-missing-prototypes’ is valid for C/ObjC but not for C++
/home/borg/404/scripts_robotica/OpenCV/build/CMakeFiles/CMakeTmp/src.cxx:1:0: warning: ignoring #pragma   [-Wunknown-pragmas]
 #pragma
 
Linking CXX executable cmTC_90734
/usr/bin/cmake -E cmake_link_script CMakeFiles/cmTC_90734.dir/link.txt --verbose=1
/usr/bin/c++     -fsigned-char -W -Wall -Werror=return-type -Werror=non-virtual-dtor -Werror=address -Werror=sequence-point -Wformat -Werror=format-security -Winit-self -Wpointer-arith -Wsign-promo -Winit-self -Wno-delete-non-virtual-dtor -Wno-comment -Wno-strict-overflow -fdiagnostics-show-option -Wno-long-long -pthread -fomit-frame-pointer -ffunction-sections -fdata-sections  -msse -msse2 -msse3 -fvisibility=hidden -fvisibility-inlines-hidden -Wno-shadow -Wno-unused -Wno-sign-compare -Wno-undef -Wno-missing-declarations -Wno-uninitialized -Wno-switch -Wno-parentheses -Wno-array-bounds -Wno-extra -Wno-deprecated-declarations -Wno-misleading-indentation -Wno-deprecated -Wno-suggest-override -Wno-implicit-fallthrough -Wno-tautological-compare  -O3 -DNDEBUG    -Wl,--gc-sections  CMakeFiles/cmTC_90734.dir/src.cxx.o  -o cmTC_90734 
make[1]: Leaving directory '/home/borg/404/scripts_robotica/OpenCV/build/CMakeFiles/CMakeTmp'

===== END =====

Build output check failed:
    Regex: 'unrecognized .*option'
    Output line: 'cc1plus: warning: unrecognized command line option ‘-Wno-tautological-undefined-compare’'
Compilation failed:
    source file: '/home/borg/404/scripts_robotica/OpenCV/build/CMakeFiles/CMakeTmp/src.cxx'
    check option: ' -Wno-tautological-undefined-compare'
===== BUILD LOG =====
Change Dir: /home/borg/404/scripts_robotica/OpenCV/build/CMakeFiles/CMakeTmp

Run Build Command:"/usr/bin/make" "cmTC_f8683/fast"
/usr/bin/make -f CMakeFiles/cmTC_f8683.dir/build.make CMakeFiles/cmTC_f8683.dir/build
make[1]: Entering directory '/home/borg/404/scripts_robotica/OpenCV/build/CMakeFiles/CMakeTmp'
Building CXX object CMakeFiles/cmTC_f8683.dir/src.cxx.o
/usr/bin/c++    -fsigned-char -W -Wall -Werror=return-type -Werror=non-virtual-dtor -Werror=address -Werror=sequence-point -Wformat -Werror=format-security -Winit-self -Wpointer-arith -Wuninitialized -Winit-self -Wsuggest-override -Wno-delete-non-virtual-dtor -Wno-comment -Wimplicit-fallthrough=3 -Wno-strict-overflow -fdiagnostics-show-option -Wno-long-long -pthread -fomit-frame-pointer -ffunction-sections -fdata-sections  -msse -msse2 -msse3 -fvisibility=hidden -fvisibility-inlines-hidden -Wno-deprecated -Wno-missing-declarations -Wno-shadow -Wno-unused-parameter -Wno-unused-local-typedefs -Wno-sign-compare -Wno-sign-promo -Wno-undef  -O3 -DNDEBUG -fPIE   -Wno-tautological-undefined-compare -std=c++11 -o CMakeFiles/cmTC_f8683.dir/src.cxx.o -c /home/borg/404/scripts_robotica/OpenCV/build/CMakeFiles/CMakeTmp/src.cxx
/home/borg/404/scripts_robotica/OpenCV/build/CMakeFiles/CMakeTmp/src.cxx:1:0: warning: ignoring #pragma   [-Wunknown-pragmas]
 #pragma
 
cc1plus: warning: unrecognized command line option ‘-Wno-tautological-undefined-compare’
Linking CXX executable cmTC_f8683
/usr/bin/cmake -E cmake_link_script CMakeFiles/cmTC_f8683.dir/link.txt --verbose=1
/usr/bin/c++     -fsigned-char -W -Wall -Werror=return-type -Werror=non-virtual-dtor -Werror=address -Werror=sequence-point -Wformat -Werror=format-security -Winit-self -Wpointer-arith -Wuninitialized -Winit-self -Wsuggest-override -Wno-delete-non-virtual-dtor -Wno-comment -Wimplicit-fallthrough=3 -Wno-strict-overflow -fdiagnostics-show-option -Wno-long-long -pthread -fomit-frame-pointer -ffunction-sections -fdata-sections  -msse -msse2 -msse3 -fvisibility=hidden -fvisibility-inlines-hidden -Wno-deprecated -Wno-missing-declarations -Wno-shadow -Wno-unused-parameter -Wno-unused-local-typedefs -Wno-sign-compare -Wno-sign-promo -Wno-undef  -O3 -DNDEBUG    -Wl,--gc-sections  CMakeFiles/cmTC_f8683.dir/src.cxx.o  -o cmTC_f8683 
make[1]: Leaving directory '/home/borg/404/scripts_robotica/OpenCV/build/CMakeFiles/CMakeTmp'

===== END =====

Build output check failed:
    Regex: 'unrecognized .*option'
    Output line: 'cc1plus: warning: unrecognized command line option ‘-Wno-shorten-64-to-32’'
Compilation failed:
    source file: '/home/borg/404/scripts_robotica/OpenCV/build/CMakeFiles/CMakeTmp/src.cxx'
    check option: ' -Wno-shorten-64-to-32'
===== BUILD LOG =====
Change Dir: /home/borg/404/scripts_robotica/OpenCV/build/CMakeFiles/CMakeTmp

Run Build Command:"/usr/bin/make" "cmTC_6ebd1/fast"
/usr/bin/make -f CMakeFiles/cmTC_6ebd1.dir/build.make CMakeFiles/cmTC_6ebd1.dir/build
make[1]: Entering directory '/home/borg/404/scripts_robotica/OpenCV/build/CMakeFiles/CMakeTmp'
Building CXX object CMakeFiles/cmTC_6ebd1.dir/src.cxx.o
/usr/bin/c++    -fsigned-char -W -Wall -Werror=return-type -Werror=non-virtual-dtor -Werror=address -Werror=sequence-point -Wformat -Werror=format-security -Winit-self -Wpointer-arith -Wuninitialized -Winit-self -Wsuggest-override -Wno-delete-non-virtual-dtor -Wno-comment -Wimplicit-fallthrough=3 -Wno-strict-overflow -fdiagnostics-show-option -Wno-long-long -pthread -fomit-frame-pointer -ffunction-sections -fdata-sections  -msse -msse2 -msse3 -fvisibility=hidden -fvisibility-inlines-hidden -Wno-deprecated -Wno-missing-declarations -Wno-shadow -Wno-unused-parameter -Wno-unused-local-typedefs -Wno-sign-compare -Wno-sign-promo -Wno-undef -Wno-ignored-qualifiers -Wno-extra -Wno-unused-function -Wno-unused-const-variable  -O3 -DNDEBUG -fPIE   -Wno-shorten-64-to-32 -std=c++11 -o CMakeFiles/cmTC_6ebd1.dir/src.cxx.o -c /home/borg/404/scripts_robotica/OpenCV/build/CMakeFiles/CMakeTmp/src.cxx
/home/borg/404/scripts_robotica/OpenCV/build/CMakeFiles/CMakeTmp/src.cxx:1:0: warning: ignoring #pragma   [-Wunknown-pragmas]
 #pragma
 
cc1plus: warning: unrecognized command line option ‘-Wno-shorten-64-to-32’
Linking CXX executable cmTC_6ebd1
/usr/bin/cmake -E cmake_link_script CMakeFiles/cmTC_6ebd1.dir/link.txt --verbose=1
/usr/bin/c++     -fsigned-char -W -Wall -Werror=return-type -Werror=non-virtual-dtor -Werror=address -Werror=sequence-point -Wformat -Werror=format-security -Winit-self -Wpointer-arith -Wuninitialized -Winit-self -Wsuggest-override -Wno-delete-non-virtual-dtor -Wno-comment -Wimplicit-fallthrough=3 -Wno-strict-overflow -fdiagnostics-show-option -Wno-long-long -pthread -fomit-frame-pointer -ffunction-sections -fdata-sections  -msse -msse2 -msse3 -fvisibility=hidden -fvisibility-inlines-hidden -Wno-deprecated -Wno-missing-declarations -Wno-shadow -Wno-unused-parameter -Wno-unused-local-typedefs -Wno-sign-compare -Wno-sign-promo -Wno-undef -Wno-ignored-qualifiers -Wno-extra -Wno-unused-function -Wno-unused-const-variable  -O3 -DNDEBUG    -Wl,--gc-sections  CMakeFiles/cmTC_6ebd1.dir/src.cxx.o  -o cmTC_6ebd1 
make[1]: Leaving directory '/home/borg/404/scripts_robotica/OpenCV/build/CMakeFiles/CMakeTmp'

===== END =====

Build output check failed:
    Regex: 'unrecognized .*option'
    Output line: 'cc1plus: warning: unrecognized command line option ‘-Wno-enum-compare-switch’'
Compilation failed:
    source file: '/home/borg/404/scripts_robotica/OpenCV/build/CMakeFiles/CMakeTmp/src.cxx'
    check option: ' -Wno-enum-compare-switch'
===== BUILD LOG =====
Change Dir: /home/borg/404/scripts_robotica/OpenCV/build/CMakeFiles/CMakeTmp

Run Build Command:"/usr/bin/make" "cmTC_f95c0/fast"
/usr/bin/make -f CMakeFiles/cmTC_f95c0.dir/build.make CMakeFiles/cmTC_f95c0.dir/build
make[1]: Entering directory '/home/borg/404/scripts_robotica/OpenCV/build/CMakeFiles/CMakeTmp'
Building CXX object CMakeFiles/cmTC_f95c0.dir/src.cxx.o
/usr/bin/c++    -fsigned-char -W -Wall -Werror=return-type -Werror=non-virtual-dtor -Werror=address -Werror=sequence-point -Wformat -Werror=format-security -Winit-self -Wpointer-arith -Wuninitialized -Winit-self -Wsuggest-override -Wno-delete-non-virtual-dtor -Wno-comment -Wimplicit-fallthrough=3 -Wno-strict-overflow -fdiagnostics-show-option -Wno-long-long -pthread -fomit-frame-pointer -ffunction-sections -fdata-sections  -msse -msse2 -msse3 -fvisibility=hidden -fvisibility-inlines-hidden -Wno-deprecated -Wno-missing-declarations -Wno-shadow -Wno-unused-parameter -Wno-unused-local-typedefs -Wno-sign-compare -Wno-sign-promo -Wno-undef -Wno-ignored-qualifiers -Wno-extra -Wno-unused-function -Wno-unused-const-variable -Wno-invalid-offsetof  -O3 -DNDEBUG -fPIE   -Wno-enum-compare-switch -std=c++11 -o CMakeFiles/cmTC_f95c0.dir/src.cxx.o -c /home/borg/404/scripts_robotica/OpenCV/build/CMakeFiles/CMakeTmp/src.cxx
/home/borg/404/scripts_robotica/OpenCV/build/CMakeFiles/CMakeTmp/src.cxx:1:0: warning: ignoring #pragma   [-Wunknown-pragmas]
 #pragma
 
cc1plus: warning: unrecognized command line option ‘-Wno-enum-compare-switch’
Linking CXX executable cmTC_f95c0
/usr/bin/cmake -E cmake_link_script CMakeFiles/cmTC_f95c0.dir/link.txt --verbose=1
/usr/bin/c++     -fsigned-char -W -Wall -Werror=return-type -Werror=non-virtual-dtor -Werror=address -Werror=sequence-point -Wformat -Werror=format-security -Winit-self -Wpointer-arith -Wuninitialized -Winit-self -Wsuggest-override -Wno-delete-non-virtual-dtor -Wno-comment -Wimplicit-fallthrough=3 -Wno-strict-overflow -fdiagnostics-show-option -Wno-long-long -pthread -fomit-frame-pointer -ffunction-sections -fdata-sections  -msse -msse2 -msse3 -fvisibility=hidden -fvisibility-inlines-hidden -Wno-deprecated -Wno-missing-declarations -Wno-shadow -Wno-unused-parameter -Wno-unused-local-typedefs -Wno-sign-compare -Wno-sign-promo -Wno-undef -Wno-ignored-qualifiers -Wno-extra -Wno-unused-function -Wno-unused-const-variable -Wno-invalid-offsetof  -O3 -DNDEBUG    -Wl,--gc-sections  CMakeFiles/cmTC_f95c0.dir/src.cxx.o  -o cmTC_f95c0 
make[1]: Leaving directory '/home/borg/404/scripts_robotica/OpenCV/build/CMakeFiles/CMakeTmp'

===== END =====

Determining if the include file sys/videoio.h exists failed with the following output:
Change Dir: /home/borg/404/scripts_robotica/OpenCV/build/CMakeFiles/CMakeTmp

Run Build Command:"/usr/bin/make" "cmTC_d7bc1/fast"
/usr/bin/make -f CMakeFiles/cmTC_d7bc1.dir/build.make CMakeFiles/cmTC_d7bc1.dir/build
make[1]: Entering directory '/home/borg/404/scripts_robotica/OpenCV/build/CMakeFiles/CMakeTmp'
Building C object CMakeFiles/cmTC_d7bc1.dir/CheckIncludeFile.c.o
/usr/bin/cc   -fsigned-char -W -Wall -Werror=return-type -Werror=non-virtual-dtor -Werror=address -Werror=sequence-point -Wformat -Werror=format-security -Wmissing-declarations -Wmissing-prototypes -Wstrict-prototypes -Wundef -Winit-self -Wpointer-arith -Wshadow -Wuninitialized -Winit-self -Wno-comment -Wimplicit-fallthrough=3 -Wno-strict-overflow -fdiagnostics-show-option -Wno-long-long -pthread -fomit-frame-pointer -ffunction-sections -fdata-sections  -msse -msse2 -msse3 -fvisibility=hidden  -O3 -DNDEBUG -fPIE   -o CMakeFiles/cmTC_d7bc1.dir/CheckIncludeFile.c.o   -c /home/borg/404/scripts_robotica/OpenCV/build/CMakeFiles/CMakeTmp/CheckIncludeFile.c
/home/borg/404/scripts_robotica/OpenCV/build/CMakeFiles/CMakeTmp/CheckIncludeFile.c:1:10: fatal error: sys/videoio.h: No such file or directory
 #include <sys/videoio.h>
          ^~~~~~~~~~~~~~~
compilation terminated.
CMakeFiles/cmTC_d7bc1.dir/build.make:65: recipe for target 'CMakeFiles/cmTC_d7bc1.dir/CheckIncludeFile.c.o' failed
make[1]: *** [CMakeFiles/cmTC_d7bc1.dir/CheckIncludeFile.c.o] Error 1
make[1]: Leaving directory '/home/borg/404/scripts_robotica/OpenCV/build/CMakeFiles/CMakeTmp'
Makefile:126: recipe for target 'cmTC_d7bc1/fast' failed
make: *** [cmTC_d7bc1/fast] Error 2


Build output check failed:
    Regex: 'unrecognized .*option'
    Output line: 'cc1plus: warning: unrecognized command line option ‘-Wno-unused-private-field’'
Compilation failed:
    source file: '/home/borg/404/scripts_robotica/OpenCV/build/CMakeFiles/CMakeTmp/src.cxx'
    check option: ' -Wno-unused-private-field'
===== BUILD LOG =====
Change Dir: /home/borg/404/scripts_robotica/OpenCV/build/CMakeFiles/CMakeTmp

Run Build Command:"/usr/bin/make" "cmTC_b03de/fast"
/usr/bin/make -f CMakeFiles/cmTC_b03de.dir/build.make CMakeFiles/cmTC_b03de.dir/build
make[1]: Entering directory '/home/borg/404/scripts_robotica/OpenCV/build/CMakeFiles/CMakeTmp'
Building CXX object CMakeFiles/cmTC_b03de.dir/src.cxx.o
/usr/bin/c++    -fsigned-char -W -Wall -Werror=return-type -Werror=non-virtual-dtor -Werror=address -Werror=sequence-point -Wformat -Werror=format-security -Wmissing-declarations -Wundef -Winit-self -Wpointer-arith -Wshadow -Wsign-promo -Wuninitialized -Winit-self -Wsuggest-override -Wno-delete-non-virtual-dtor -Wno-comment -Wimplicit-fallthrough=3 -Wno-strict-overflow -fdiagnostics-show-option -Wno-long-long -pthread -fomit-frame-pointer -ffunction-sections -fdata-sections  -msse -msse2 -msse3 -fvisibility=hidden -fvisibility-inlines-hidden -Wno-unused-function -Wno-deprecated-declarations -Wno-overloaded-virtual  -O3 -DNDEBUG -fPIE   -Wno-unused-private-field -std=c++11 -o CMakeFiles/cmTC_b03de.dir/src.cxx.o -c /home/borg/404/scripts_robotica/OpenCV/build/CMakeFiles/CMakeTmp/src.cxx
/home/borg/404/scripts_robotica/OpenCV/build/CMakeFiles/CMakeTmp/src.cxx:1:0: warning: ignoring #pragma   [-Wunknown-pragmas]
 #pragma
 
cc1plus: warning: unrecognized command line option ‘-Wno-unused-private-field’
Linking CXX executable cmTC_b03de
/usr/bin/cmake -E cmake_link_script CMakeFiles/cmTC_b03de.dir/link.txt --verbose=1
/usr/bin/c++     -fsigned-char -W -Wall -Werror=return-type -Werror=non-virtual-dtor -Werror=address -Werror=sequence-point -Wformat -Werror=format-security -Wmissing-declarations -Wundef -Winit-self -Wpointer-arith -Wshadow -Wsign-promo -Wuninitialized -Winit-self -Wsuggest-override -Wno-delete-non-virtual-dtor -Wno-comment -Wimplicit-fallthrough=3 -Wno-strict-overflow -fdiagnostics-show-option -Wno-long-long -pthread -fomit-frame-pointer -ffunction-sections -fdata-sections  -msse -msse2 -msse3 -fvisibility=hidden -fvisibility-inlines-hidden -Wno-unused-function -Wno-deprecated-declarations -Wno-overloaded-virtual  -O3 -DNDEBUG    -Wl,--gc-sections  CMakeFiles/cmTC_b03de.dir/src.cxx.o  -o cmTC_b03de 
make[1]: Leaving directory '/home/borg/404/scripts_robotica/OpenCV/build/CMakeFiles/CMakeTmp'

===== END =====

